<?xml version="1.0" encoding="UTF-8"?>
<!-- Generated by org.testng.reporters.JUnitReportReporter -->
<testsuite hostname="NH-2.local" failures="0" tests="1" name="test.testng.DemoTest" time="0.000" errors="0" timestamp="2021-12-28T14:13:50 ICT" skipped="0">
  <testcase classname="test.testng.DemoTest" name="loginDemoTest" time="0.000"/>
  <system-out/>
</testsuite> <!-- test.testng.DemoTest -->
