<?xml version="1.0" encoding="UTF-8"?>
<!-- Generated by org.testng.reporters.JUnitReportReporter -->
<testsuite hostname="NH-2.local" failures="0" tests="2" name="test.testng.SignupTest" time="0.000" errors="0" timestamp="2021-12-28T14:13:50 ICT" skipped="0">
  <testcase classname="test.testng.SignupTest" name="signupWithCorrectEmail" time="0.000"/>
  <system-out/>
  <testcase classname="test.testng.SignupTest" name="signupWithIncorrectEmail" time="0.000"/>
  <system-out/>
</testsuite> <!-- test.testng.SignupTest -->
