<?xml version="1.0" encoding="UTF-8"?>
<!-- Generated by org.testng.reporters.JUnitReportReporter -->
<testsuite hostname="NH-2.local" failures="0" tests="2" name="test.testng.LoginTest" time="0.004" errors="0" timestamp="2021-12-28T14:13:50 ICT" skipped="0">
  <testcase classname="test.testng.LoginTest" name="loginIncorrectCreds" time="0.002"/>
  <system-out/>
  <testcase classname="test.testng.LoginTest" name="loginCorrectCreds" time="0.002"/>
  <system-out/>
</testsuite> <!-- test.testng.LoginTest -->
